599
1 55 1
1 65 1
1 96 1
1 112 1
1 132 1
1 133 1
1 154 1
1 190 1
1 208 1
1 233 1
1 260 1
1 280 1
1 378 1
1 387 1
1 486 1
1 517 1
1 520 1
6 592 1
10 70 1
15 120 1
15 162 1
15 179 1
15 257 1
15 340 1
15 341 1
15 376 1
15 417 1
15 458 1
15 518 1
16 433 1
16 529 1
19 60 1
19 61 1
19 67 1
19 107 1
19 136 1
19 193 1
19 211 1
19 249 1
19 277 1
19 301 1
19 315 1
19 359 1
19 494 1
19 541 1
19 581 1
23 48 1
29 118 1
29 192 1
29 365 1
38 37 1
38 103 1
41 491 1
43 309 1
43 599 1
46 16 1
46 41 1
46 102 1
46 209 1
46 214 1
46 239 1
46 274 1
46 302 1
46 330 1
46 478 1
46 492 1
46 537 1
46 542 1
46 572 1
55 19 1
55 46 1
55 178 1
55 218 1
55 236 1
55 355 1
55 374 1
55 400 1
55 472 1
55 530 1
55 571 1
61 348 1
63 44 1
63 377 1
65 15 1
65 281 1
65 327 1
65 347 1
65 425 1
65 452 1
65 464 1
65 500 1
65 558 1
65 566 1
65 590 1
71 333 1
71 503 1
76 72 1
76 121 1
76 273 1
76 390 1
76 406 1
76 569 1
80 84 1
80 344 1
80 556 1
85 443 1
85 483 1
85 555 1
87 597 1
96 29 1
96 144 1
96 288 1
96 308 1
96 410 1
96 420 1
96 511 1
100 485 1
102 543 1
111 56 1
111 409 1
112 85 1
112 114 1
112 143 1
112 221 1
112 294 1
112 350 1
112 384 1
112 407 1
112 451 1
112 488 1
112 538 1
114 314 1
114 435 1
114 463 1
115 171 1
123 429 1
128 82 1
128 135 1
128 383 1
132 111 1
132 140 1
132 176 1
132 201 1
132 222 1
132 232 1
132 237 1
132 254 1
132 326 1
132 369 1
132 454 1
132 535 1
133 11 1
133 43 1
133 123 1
133 166 1
133 191 1
133 210 1
133 259 1
133 267 1
133 524 1
133 568 1
133 580 1
140 574 1
141 93 1
141 223 1
143 97 1
143 161 1
143 165 1
143 270 1
143 476 1
143 504 1
143 507 1
143 533 1
144 75 1
144 153 1
144 163 1
144 228 1
144 248 1
144 299 1
144 382 1
144 397 1
144 591 1
145 64 1
154 63 1
154 71 1
154 128 1
154 212 1
154 316 1
154 356 1
154 371 1
154 442 1
154 482 1
154 585 1
154 588 1
158 49 1
164 334 1
176 78 1
176 101 1
176 157 1
176 172 1
176 310 1
176 598 1
178 160 1
178 243 1
178 269 1
178 346 1
178 364 1
178 422 1
178 437 1
178 453 1
181 50 1
181 215 1
190 76 1
190 80 1
190 100 1
190 216 1
190 271 1
190 275 1
190 337 1
190 381 1
190 505 1
190 575 1
191 124 1
191 320 1
191 329 1
191 445 1
197 33 1
197 119 1
197 526 1
201 12 1
201 28 1
206 469 1
207 448 1
207 545 1
208 169 1
208 181 1
208 225 1
208 295 1
208 465 1
208 473 1
208 527 1
208 576 1
210 104 1
210 292 1
210 353 1
210 362 1
210 434 1
212 177 1
214 436 1
216 25 1
216 147 1
218 17 1
218 357 1
218 366 1
221 4 1
221 385 1
221 393 1
221 413 1
221 487 1
221 502 1
221 579 1
222 129 1
222 363 1
222 501 1
222 562 1
225 317 1
225 332 1
225 560 1
232 77 1
232 199 1
232 444 1
233 141 1
233 158 1
233 184 1
233 220 1
233 285 1
233 297 1
233 303 1
233 339 1
236 115 1
236 226 1
236 238 1
236 265 1
236 360 1
236 399 1
236 402 1
236 438 1
236 499 1
237 57 1
237 187 1
237 198 1
237 391 1
237 401 1
237 515 1
251 304 1
251 587 1
252 167 1
254 368 1
254 564 1
259 156 1
260 22 1
260 197 1
260 207 1
260 264 1
260 336 1
260 345 1
260 352 1
260 395 1
260 415 1
260 428 1
260 467 1
260 567 1
267 532 1
268 272 1
271 79 1
271 106 1
271 289 1
274 278 1
275 3 1
275 99 1
275 342 1
275 531 1
280 219 1
280 335 1
280 414 1
280 450 1
280 546 1
280 596 1
281 21 1
281 58 1
281 59 1
281 138 1
281 151 1
281 247 1
281 457 1
281 586 1
285 245 1
288 7 1
288 196 1
288 246 1
288 498 1
294 460 1
294 470 1
295 40 1
297 534 1
308 26 1
308 155 1
308 231 1
308 293 1
308 312 1
308 549 1
315 523 1
316 195 1
319 471 1
326 234 1
326 525 1
327 131 1
327 139 1
327 456 1
330 318 1
335 146 1
336 349 1
336 388 1
336 418 1
336 589 1
337 440 1
337 459 1
339 324 1
339 481 1
347 122 1
347 150 1
347 170 1
347 255 1
347 268 1
347 405 1
347 565 1
350 36 1
350 68 1
350 73 1
350 74 1
350 544 1
350 593 1
354 361 1
355 62 1
355 88 1
355 229 1
355 578 1
356 20 1
356 266 1
356 412 1
358 35 1
358 125 1
358 421 1
359 204 1
360 495 1
366 152 1
369 13 1
369 311 1
369 372 1
369 461 1
371 189 1
371 250 1
371 455 1
373 279 1
373 479 1
374 164 1
374 175 1
374 242 1
374 284 1
374 496 1
378 69 1
378 145 1
378 206 1
378 256 1
378 319 1
378 343 1
378 462 1
384 18 1
384 582 1
387 27 1
387 38 1
387 252 1
387 263 1
387 313 1
387 447 1
395 94 1
395 205 1
395 439 1
395 468 1
400 45 1
400 81 1
400 95 1
400 130 1
400 203 1
400 227 1
400 253 1
400 298 1
400 375 1
400 379 1
400 419 1
400 553 1
400 559 1
407 168 1
407 180 1
407 230 1
407 282 1
407 528 1
407 557 1
408 276 1
410 148 1
414 536 1
415 338 1
415 446 1
420 5 1
420 52 1
420 213 1
420 508 1
425 39 1
425 110 1
425 386 1
425 396 1
425 547 1
428 331 1
442 2 1
442 24 1
442 31 1
442 431 1
442 522 1
447 521 1
450 32 1
450 98 1
451 322 1
451 398 1
452 262 1
454 30 1
454 392 1
454 513 1
462 484 1
464 116 1
464 126 1
464 149 1
464 416 1
464 423 1
464 426 1
464 475 1
464 493 1
467 224 1
472 6 1
472 10 1
472 142 1
472 182 1
472 194 1
472 200 1
472 286 1
472 554 1
472 584 1
473 291 1
473 370 1
480 53 1
480 306 1
482 91 1
482 323 1
482 404 1
482 424 1
486 23 1
486 283 1
486 305 1
486 408 1
486 489 1
486 539 1
486 573 1
488 514 1
497 183 1
500 34 1
500 42 1
500 89 1
500 127 1
511 9 1
511 14 1
511 296 1
511 300 1
511 551 1
517 87 1
517 261 1
517 328 1
517 354 1
517 430 1
517 480 1
517 510 1
520 86 1
520 173 1
520 235 1
520 251 1
520 358 1
520 373 1
520 389 1
520 394 1
520 540 1
520 548 1
520 600 1
524 202 1
524 244 1
527 90 1
527 321 1
527 351 1
530 117 1
530 186 1
530 367 1
530 449 1
530 474 1
530 497 1
530 506 1
530 552 1
530 577 1
530 594 1
535 92 1
535 159 1
535 427 1
538 66 1
538 185 1
538 287 1
538 290 1
538 307 1
539 241 1
541 240 1
541 258 1
554 432 1
558 105 1
558 411 1
558 516 1
566 325 1
566 380 1
566 466 1
566 561 1
566 563 1
568 47 1
568 137 1
571 51 1
571 109 1
571 188 1
571 441 1
571 595 1
572 174 1
575 108 1
575 134 1
575 550 1
576 54 1
576 509 1
580 403 1
581 477 1
585 83 1
585 217 1
585 490 1
585 512 1
585 519 1
585 570 1
588 8 1
590 113 1
596 583 1
